<?xml version="1.0" encoding="UTF-8"?>
<!-- Generated by org.testng.reporters.JUnitReportReporter -->
<testsuite hostname="INSP15R-BASIL" name="signUp.email" tests="1" failures="0" timestamp="25 Jul 2014 18:55:24 GMT" time="3.243" errors="0">
  <testcase name="test1" time="3.243" classname="signUp.email"/>
</testsuite> <!-- signUp.email -->
