<?xml version="1.0" encoding="UTF-8"?>
<!-- Generated by org.testng.reporters.JUnitReportReporter -->
<testsuite hostname="INSP15R-BASIL" name="signUp.deletionCall" tests="1" failures="0" timestamp="27 Aug 2014 16:04:08 GMT" time="3.196" errors="0">
  <testcase name="test1" time="3.196" classname="signUp.deletionCall"/>
</testsuite> <!-- signUp.deletionCall -->
