<?xml version="1.0" encoding="UTF-8"?>
<!-- Generated by org.testng.reporters.JUnitReportReporter -->
<testsuite hostname="INSP15R-BASIL" name="signUp.signUp4" tests="2" failures="0" timestamp="25 Jul 2014 17:48:46 GMT" time="63.119" errors="0">
  <testcase name="test2" time="62.544" classname="signUp.signUp4"/>
  <testcase name="test1" time="0.575" classname="signUp.signUp4"/>
</testsuite> <!-- signUp.signUp4 -->
