<?xml version="1.0" encoding="UTF-8"?>
<!-- Generated by org.testng.reporters.JUnitReportReporter -->
<testsuite hostname="INSP15R-BASIL" name="signUp.SignC" tests="1" failures="0" timestamp="7 Apr 2014 03:45:15 GMT" time="19.382" errors="0">
  <testcase name="signingUp" time="19.382" classname="signUp.SignC"/>
</testsuite> <!-- signUp.SignC -->
